2024/01/30 22:45:39 [31084] building file list
2024/01/30 22:47:14 [31084] skipping non-regular file ".tagebuch/transfer_path"
2024/01/30 22:51:23 [31084] >fcst...... dotfiles/.bash_aliases
2024/01/30 22:51:23 [31084] >fc.t...... dotfiles/.config/nemo/desktop-metadata
2024/01/30 22:51:23 [31084] .d..t...... dotfiles/.grsync/logs/
2024/01/30 22:51:23 [31084] >fcst...... dotfiles/.grsync/logs/WichtigeDateien.log
2024/01/30 22:51:23 [31084] >fcst...... dotfiles/nvim/.gitignore
2024/01/30 22:51:23 [31084] >f+++++++++ dotfiles/nvim/Pluginideen.md
2024/01/30 22:51:23 [31084] >fcst...... dotfiles/nvim/README.md
2024/01/30 22:51:23 [31084] >fcst...... dotfiles/nvim/init.lua
2024/01/30 22:51:23 [31084] >fcst...... dotfiles/nvim/lazy-lock.json
2024/01/30 22:51:23 [31084] .d..t...... dotfiles/nvim/after/
2024/01/30 22:51:23 [31084] >f+++++++++ dotfiles/nvim/after/plugin/dap-cpp-config.lua
2024/01/30 22:51:23 [31084] >f+++++++++ dotfiles/nvim/after/plugin/dap-python-configs.lua
2024/01/30 22:51:23 [31084] >fcst...... dotfiles/nvim/after/plugin/dap.lua
2024/01/30 22:51:23 [31084] >fcst...... dotfiles/nvim/compiler/python.lua
2024/01/30 22:51:23 [31084] >f+++++++++ dotfiles/nvim/ftplugin/lua.lua
2024/01/30 22:51:23 [31084] >fcst...... dotfiles/nvim/ftplugin/markdown.lua
2024/01/30 22:51:23 [31084] >fcst...... dotfiles/nvim/lua/lsp-keymaps.lua
2024/01/30 22:51:23 [31084] >f+++++++++ dotfiles/nvim/lua/wiki_utils.lua
2024/01/30 22:51:23 [31084] >fcst...... dotfiles/nvim/plugin/keymaps.lua
2024/01/30 22:51:23 [31084] >fcst...... dotfiles/nvim/plugin/options.lua
2024/01/30 22:51:23 [31084] .d..t...... wiki/
2024/01/30 22:51:23 [31084] >f+++++++++ wiki/Lebkuchen.md
2024/01/30 22:51:23 [31084] >fcst...... wiki/c++ cpp.md
2024/01/30 22:51:23 [31084] >fcst...... wiki/cmake.md
2024/01/30 22:51:23 [31084] >f+++++++++ wiki/git checkout switch.md
2024/01/30 22:51:23 [31084] >fcst...... wiki/git merge files.md
2024/01/30 22:51:23 [31084] >fcst...... wiki/git reset restore revert.md
2024/01/30 22:51:23 [31084] >fcst...... wiki/git tools.md
2024/01/30 22:51:23 [31084] >fcst...... wiki/git.md
2024/01/30 22:51:23 [31084] >fcst...... wiki/neovim dap-ui plugin.md
2024/01/30 22:51:23 [31084] >fcst...... wiki/neovim debugger dap.md
2024/01/30 22:51:23 [31084] >f+++++++++ wiki/neovim mason lsp dap.md
2024/01/30 22:51:23 [31084] >fcst...... wiki/neovim practical vim.md
2024/01/30 22:51:23 [31084] >fcst...... wiki/neovim quickfix make makeprg compiler errorformat.md
2024/01/30 22:51:30 [31084] sent 456.565 bytes  received 1.533 bytes  1.303,27 bytes/sec
2024/01/30 22:51:30 [31084] total size is 3.089.836.424  speedup is 6.744,92
